<?xml version="1.0" encoding="UTF-8"?>
<!-- Generated by org.testng.reporters.JUnitReportReporter -->
<testsuite hostname="DESKTOP-I3BGM4H" failures="0" tests="1" name="TestNgCodes.TestNgBasics" time="0.020" errors="0" timestamp="2022-01-13T22:43:47 IST" skipped="0">
  <testcase classname="TestNgCodes.TestNgBasics" name="googleLoginTest" time="0.020"/>
  <system-out/>
</testsuite> <!-- TestNgCodes.TestNgBasics -->
