<?xml version="1.0" encoding="UTF-8"?>
<!-- Generated by org.testng.reporters.JUnitReportReporter -->
<testsuite hostname="DESKTOP-I3BGM4H" failures="0" tests="4" name="TestNgCodes.GoogleTest" time="19.482" errors="0" timestamp="2022-04-13T00:53:06 IST" skipped="0">
  <testcase classname="TestNgCodes.GoogleTest" name="googleLogoTest" time="3.878"/>
  <system-out/>
  <testcase classname="TestNgCodes.GoogleTest" name="googleTitleTest" time="4.149"/>
  <system-out/>
  <testcase classname="TestNgCodes.GoogleTest" name="imageText" time="3.518"/>
  <system-out/>
  <testcase classname="TestNgCodes.GoogleTest" name="searchTextbox" time="7.937"/>
  <system-out/>
</testsuite> <!-- TestNgCodes.GoogleTest -->
