<?xml version="1.0" encoding="UTF-8"?>
<!-- Generated by org.testng.reporters.JUnitReportReporter -->
<testsuite hostname="DESKTOP-I3BGM4H" failures="0" tests="1" name="zenQ.BaseTest" time="2.716" errors="0" timestamp="2022-04-23T15:39:32 IST" skipped="0">
  <testcase classname="zenQ.BaseTest" name="ProductSearchDetails" time="2.716"/>
  <system-out/>
</testsuite> <!-- zenQ.BaseTest -->
